Arguments: 
  /usr/local/Cellar/node/11.7.0/bin/node /usr/local/Cellar/yarn/1.13.0/libexec/bin/yarn.js init --y

PATH: 
  /Users/sebastianhiguita/.sdkman/candidates/micronaut/current/bin:/Users/sebastianhiguita/flutter/bin:/usr/local/bin:/usr/bin:/bin:/usr/sbin:/sbin:/Users/sebastianhiguita/anaconda3/bin:/Users/sebastianhiguita/Library/Android/sdk/tools:/Users/sebastianhiguita/Library/Android/sdk/platform-tool:/usr/local/mysql/bin

Yarn version: 
  1.13.0

Node version: 
  11.7.0

Platform: 
  darwin x64

Trace: 
  Error: canceled
      at Interface.<anonymous> (/usr/local/Cellar/yarn/1.13.0/libexec/lib/cli.js:125657:13)
      at Interface.emit (events.js:188:13)
      at Interface._ttyWrite (readline.js:799:16)
      at ReadStream.onkeypress (readline.js:184:10)
      at ReadStream.emit (events.js:188:13)
      at emitKeys (internal/readline.js:424:14)
      at emitKeys.next (<anonymous>)
      at ReadStream.onData (readline.js:1071:36)
      at ReadStream.emit (events.js:188:13)
      at addChunk (_stream_readable.js:288:12)

npm manifest: 
  No manifest

yarn manifest: 
  No manifest

Lockfile: 
  No lockfile
